============================= test session starts ==============================
platform darwin -- Python 3.11.14, pytest-9.0.3, pluggy-1.6.0 -- /Users/jhin/Documents/Git/private/playground/isaac-mac/.venv/bin/python3
cachedir: .pytest_cache
rootdir: /Users/jhin/Documents/Git/private/playground/isaac-mac
configfile: pyproject.toml
plugins: cov-7.1.0
collecting ... collected 11 items

tests/unit/test_mock_backend.py::test_mock_backend_implements_protocol PASSED [  9%]
tests/unit/test_mock_backend.py::test_mock_backend_does_not_import_mujoco PASSED [ 18%]
tests/unit/test_mock_backend.py::test_mock_backend_linear_dynamics_are_deterministic PASSED [ 27%]
tests/integration/test_backend_contract.py::test_reset_determinism[MuJoCoBackend] PASSED [ 36%]
tests/integration/test_backend_contract.py::test_reset_determinism[MockBackend] PASSED [ 45%]
tests/integration/test_backend_contract.py::test_action_shape_validation[MuJoCoBackend] PASSED [ 54%]
tests/integration/test_backend_contract.py::test_action_shape_validation[MockBackend] PASSED [ 63%]
tests/integration/test_backend_contract.py::test_step_monotonic_time[MuJoCoBackend] PASSED [ 72%]
tests/integration/test_backend_contract.py::test_step_monotonic_time[MockBackend] PASSED [ 81%]
tests/integration/test_backend_contract.py::test_close_releases[MuJoCoBackend] PASSED [ 90%]
tests/integration/test_backend_contract.py::test_close_releases[MockBackend] PASSED [100%]

============================== 11 passed in 0.10s ==============================
